<?xml version="1.0" encoding="UTF-8"?>
<!-- Generated by org.testng.reporters.JUnitReportReporter -->
<testsuite skipped="0" hostname="megha3147629" name="Runner.TestRunner" tests="3" failures="0" timestamp="25 Oct 2020 08:01:06 GMT" time="63.510" errors="0">
  <testcase name="feature" time="29.002" classname="Runner.TestRunner"/>
  <testcase name="feature" time="18.721" classname="Runner.TestRunner"/>
  <testcase name="feature" time="15.787" classname="Runner.TestRunner"/>
</testsuite> <!-- Runner.TestRunner -->
