<?xml version="1.0" encoding="UTF-8"?>
<!-- Generated by org.testng.reporters.JUnitReportReporter -->
<testsuite skipped="0" hostname="megha3147629" name="com.Android.Assignment.RunnerAndroid" tests="1" failures="0" timestamp="05 Oct 2020 20:37:24 GMT" time="1.594" errors="0">
  <testcase name="WorkIndiaActions" time="1.594" classname="com.Android.Assignment.RunnerAndroid"/>
</testsuite> <!-- com.Android.Assignment.RunnerAndroid -->
